
> Task :compileJava
/Users/dicky/kmdata/git/testcase/test-case-manager-only-front-local-storage/src/main/java/com/testcase/testcasemanagement/config/SecurityConfig.java:42: warning: [removal] frameOptions() in HeadersConfigurer has been deprecated and marked for removal
                .headers(headers -> headers.frameOptions().disable()) // H2 콘솔을 위한 설정
                                           ^
  where H is a type-variable:
    H extends HttpSecurityBuilder<H> declared in class HeadersConfigurer
1 warning

> Task :nodeSetup UP-TO-DATE
> Task :npmSetup UP-TO-DATE
> Task :appNpmInstall UP-TO-DATE
> Task :appNpmBuild UP-TO-DATE
> Task :copyFrontend UP-TO-DATE
> Task :processResources UP-TO-DATE
> Task :classes
> Task :resolveMainClassName

> Task :bootRun
Standard Commons Logging discovery in action with spring-jcl: please remove commons-logging.jar from classpath in order to avoid potential conflicts

  .   ____          _            __ _ _
 /\\ / ___'_ __ _ _(_)_ __  __ _ \ \ \ \
( ( )\___ | '_ | '_| | '_ \/ _` | \ \ \ \
 \\/  ___)| |_)| | | | | || (_| |  ) ) ) )
  '  |____| .__|_| |_|_| |_\__, | / / / /
 =========|_|==============|___/=/_/_/_/
 :: Spring Boot ::                (v3.2.4)

2025-07-28T22:23:55.574+09:00  INFO 45128 --- [           main] c.t.t.TestcasemanagementApplication      : Starting TestcasemanagementApplication using Java 21.0.7 with PID 45128 (/Users/dicky/kmdata/git/testcase/test-case-manager-only-front-local-storage/build/classes/java/main started by dicky in /Users/dicky/kmdata/git/testcase/test-case-manager-only-front-local-storage)
2025-07-28T22:23:55.575+09:00 DEBUG 45128 --- [           main] c.t.t.TestcasemanagementApplication      : Running with Spring Boot v3.2.4, Spring v6.1.5
2025-07-28T22:23:55.575+09:00  INFO 45128 --- [           main] c.t.t.TestcasemanagementApplication      : The following 1 profile is active: "local"
2025-07-28T22:23:55.833+09:00  INFO 45128 --- [           main] .s.d.r.c.RepositoryConfigurationDelegate : Bootstrapping Spring Data JPA repositories in DEFAULT mode.
2025-07-28T22:23:55.861+09:00  INFO 45128 --- [           main] .s.d.r.c.RepositoryConfigurationDelegate : Finished Spring Data repository scanning in 25 ms. Found 7 JPA repository interfaces.
2025-07-28T22:23:56.081+09:00  INFO 45128 --- [           main] o.s.b.w.embedded.tomcat.TomcatWebServer  : Tomcat initialized with port 8080 (http)
2025-07-28T22:23:56.086+09:00  INFO 45128 --- [           main] o.apache.catalina.core.StandardService   : Starting service [Tomcat]
2025-07-28T22:23:56.086+09:00  INFO 45128 --- [           main] o.apache.catalina.core.StandardEngine    : Starting Servlet engine: [Apache Tomcat/10.1.19]
2025-07-28T22:23:56.108+09:00  INFO 45128 --- [           main] o.a.c.c.C.[Tomcat].[localhost].[/]       : Initializing Spring embedded WebApplicationContext
2025-07-28T22:23:56.108+09:00  INFO 45128 --- [           main] w.s.c.ServletWebServerApplicationContext : Root WebApplicationContext: initialization completed in 519 ms
Standard Commons Logging discovery in action with spring-jcl: please remove commons-logging.jar from classpath in order to avoid potential conflicts
2025-07-28T22:23:56.121+09:00  INFO 45128 --- [           main] com.zaxxer.hikari.HikariDataSource       : HikariPool-1 - Starting...
2025-07-28T22:23:56.212+09:00  INFO 45128 --- [           main] com.zaxxer.hikari.pool.HikariPool        : HikariPool-1 - Added connection conn0: url=jdbc:h2:mem:testdb user=SA
2025-07-28T22:23:56.213+09:00  INFO 45128 --- [           main] com.zaxxer.hikari.HikariDataSource       : HikariPool-1 - Start completed.
2025-07-28T22:23:56.218+09:00  INFO 45128 --- [           main] o.s.b.a.h2.H2ConsoleAutoConfiguration    : H2 console available at '/h2-console'. Database available at 'jdbc:h2:mem:testdb'
2025-07-28T22:23:56.255+09:00  INFO 45128 --- [           main] o.hibernate.jpa.internal.util.LogHelper  : HHH000204: Processing PersistenceUnitInfo [name: default]
2025-07-28T22:23:56.274+09:00  INFO 45128 --- [           main] org.hibernate.Version                    : HHH000412: Hibernate ORM core version 6.4.4.Final
2025-07-28T22:23:56.285+09:00  INFO 45128 --- [           main] o.h.c.internal.RegionFactoryInitiator    : HHH000026: Second-level cache disabled
2025-07-28T22:23:56.360+09:00  INFO 45128 --- [           main] o.s.o.j.p.SpringPersistenceUnitInfo      : No LoadTimeWeaver setup: ignoring JPA class transformer
2025-07-28T22:23:56.374+09:00  WARN 45128 --- [           main] org.hibernate.orm.deprecation            : HHH90000025: H2Dialect does not need to be specified explicitly using 'hibernate.dialect' (remove the property setting and it will be selected by default)
2025-07-28T22:23:56.833+09:00  INFO 45128 --- [           main] o.h.e.t.j.p.i.JtaPlatformInitiator       : HHH000489: No JTA platform available (set 'hibernate.transaction.jta.platform' to enable JTA platform integration)
Hibernate: 
    drop table if exists audit_logs cascade 
Hibernate: 
    drop table if exists group_members cascade 
Hibernate: 
    drop table if exists groups cascade 
Hibernate: 
    drop table if exists organization_users cascade 
Hibernate: 
    drop table if exists organizations cascade 
Hibernate: 
    drop table if exists project_users cascade 
Hibernate: 
    drop table if exists projects cascade 
Hibernate: 
    drop table if exists refresh_tokens cascade 
Hibernate: 
    drop table if exists test_executions cascade 
Hibernate: 
    drop table if exists test_plan_cases cascade 
Hibernate: 
    drop table if exists test_plans cascade 
Hibernate: 
    drop table if exists test_results cascade 
Hibernate: 
    drop table if exists testcases cascade 
Hibernate: 
    drop table if exists testcasesteps cascade 
Hibernate: 
    drop table if exists users cascade 
Hibernate: 
    create table audit_logs (
        timestamp timestamp(6),
        action varchar(50) not null,
        entity_type varchar(50) not null,
        details TEXT,
        entity_id varchar(255) not null,
        id varchar(255) not null,
        performed_by varchar(255),
        primary key (id)
    )
Hibernate: 
    create table group_members (
        role varchar(50) not null,
        group_id varchar(255) not null,
        id varchar(255) not null,
        user_id varchar(255) not null,
        primary key (id),
        unique (group_id, user_id)
    )
Hibernate: 
    create table groups (
        name varchar(100) not null,
        description TEXT,
        id varchar(255) not null,
        organization_id varchar(255),
        project_id VARCHAR(36),
        primary key (id)
    )
Hibernate: 
    create table organization_users (
        role varchar(50) not null,
        id varchar(255) not null,
        organization_id varchar(255) not null,
        user_id varchar(255) not null,
        primary key (id),
        unique (organization_id, user_id)
    )
Hibernate: 
    create table organizations (
        created_at timestamp(6),
        updated_at timestamp(6),
        name varchar(100) not null unique,
        description TEXT,
        id varchar(255) not null,
        primary key (id)
    )
Hibernate: 
    create table project_users (
        role varchar(50) not null,
        id varchar(255) not null,
        project_id VARCHAR(36) not null,
        user_id varchar(255) not null,
        primary key (id),
        unique (project_id, user_id)
    )
Hibernate: 
    create table projects (
        display_order integer,
        createdat timestamp(6) not null,
        updatedat timestamp(6),
        code varchar(50) not null unique,
        name varchar(100) not null,
        description TEXT,
        id VARCHAR(36) not null,
        primary key (id)
    )
Hibernate: 
    create table refresh_tokens (
        is_revoked boolean not null,
        created_at timestamp(6) not null,
        expiry_date timestamp(6) not null,
        updated_at timestamp(6),
        token varchar(512) not null unique,
        id varchar(255) not null,
        user_id varchar(255) not null,
        primary key (id)
    )
Hibernate: 
    create table test_executions (
        created_at timestamp(6),
        end_date timestamp(6),
        start_date timestamp(6),
        updated_at timestamp(6),
        description varchar(255),
        id varchar(255) not null,
        name varchar(255),
        project_id VARCHAR(36) not null,
        status varchar(255),
        test_plan_id varchar(255),
        primary key (id)
    )
Hibernate: 
    create table test_plan_cases (
        test_case_id varchar(255),
        test_plan_id VARCHAR(36) not null
    )
Hibernate: 
    create table test_plans (
        created_at timestamp(6) not null,
        updated_at timestamp(6),
        name varchar(100) not null,
        description TEXT,
        id VARCHAR(36) not null,
        project_id VARCHAR(36) not null,
        primary key (id)
    )
Hibernate: 
    create table test_results (
        executed_at timestamp(6),
        executed_by varchar(255),
        id varchar(255) not null,
        notes TEXT,
        result varchar(255),
        test_case_id varchar(255),
        test_execution_id varchar(255),
        primary key (id)
    )
Hibernate: 
    create table testcases (
        display_order integer not null,
        created_at timestamp(6) not null,
        updated_at timestamp(6),
        description TEXT,
        expected_results TEXT,
        id VARCHAR(36) not null,
        name TEXT not null,
        parent_id varchar(255),
        pre_condition TEXT,
        project_id VARCHAR(36) not null,
        type TEXT,
        primary key (id),
        unique (project_id, name, parent_id, type),
        unique (parent_id, display_order)
    )
Hibernate: 
    create table testcasesteps (
        step_number integer,
        step_order integer not null,
        description TEXT,
        expected_result TEXT,
        testcase_id VARCHAR(36) not null,
        primary key (step_order, testcase_id)
    )
Hibernate: 
    create table users (
        email varchar(255),
        id varchar(255) not null,
        name varchar(255),
        password varchar(255),
        role varchar(255),
        username varchar(255),
        primary key (id)
    )
Hibernate: 
    alter table if exists audit_logs 
       add constraint FKonjalmr7kf8970g8gu7ymueer 
       foreign key (performed_by) 
       references users
Hibernate: 
    alter table if exists group_members 
       add constraint FKkv9vlrye4rmhqjq4qohy2n5a6 
       foreign key (group_id) 
       references groups
Hibernate: 
    alter table if exists group_members 
       add constraint FKnr9qg33qt2ovmv29g4vc3gtdx 
       foreign key (user_id) 
       references users
Hibernate: 
    alter table if exists groups 
       add constraint FK31649la4w7ommiwsskfrpkm1x 
       foreign key (organization_id) 
       references organizations
Hibernate: 
    alter table if exists groups 
       add constraint FKeyebhhlnkx4kmesoes9kb2kkb 
       foreign key (project_id) 
       references projects
Hibernate: 
    alter table if exists organization_users 
       add constraint FK7yim0vro5cvwg60mb8qqbhb91 
       foreign key (organization_id) 
       references organizations
Hibernate: 
    alter table if exists organization_users 
       add constraint FKlw37px1u42owhtbry2mda9ujh 
       foreign key (user_id) 
       references users
Hibernate: 
    alter table if exists project_users 
       add constraint FKn2d9w5xxgord5j4k2963p8o1g 
       foreign key (project_id) 
       references projects
Hibernate: 
    alter table if exists project_users 
       add constraint FK8w55cu3qmg4yo0vy0b8e3ivk4 
       foreign key (user_id) 
       references users
Hibernate: 
    alter table if exists refresh_tokens 
       add constraint FK1lih5y2npsf8u5o3vhdb9y0os 
       foreign key (user_id) 
       references users
Hibernate: 
    alter table if exists test_executions 
       add constraint FKc5reallwapj9w8rpy09v8eoqr 
       foreign key (project_id) 
       references projects
Hibernate: 
    alter table if exists test_plan_cases 
       add constraint FKorcc7411dr7hdftkdguvs54pr 
       foreign key (test_plan_id) 
       references test_plans
Hibernate: 
    alter table if exists test_plans 
       add constraint FKskwsf2ykfwrpytmswshfqpdbn 
       foreign key (project_id) 
       references projects
Hibernate: 
    alter table if exists test_results 
       add constraint FK4q3x5pasfwnxlr2tpc2pwa08o 
       foreign key (executed_by) 
       references users
Hibernate: 
    alter table if exists test_results 
       add constraint FK6ibell46h2e7iou10f8y8m1i6 
       foreign key (test_execution_id) 
       references test_executions
Hibernate: 
    alter table if exists testcases 
       add constraint FKetqwk03c0h0f4eltfyq1pw90p 
       foreign key (project_id) 
       references projects
Hibernate: 
    alter table if exists testcasesteps 
       add constraint FK67wqclxhns7skxd83l2i2youi 
       foreign key (testcase_id) 
       references testcases
2025-07-28T22:23:56.869+09:00  INFO 45128 --- [           main] j.LocalContainerEntityManagerFactoryBean : Initialized JPA EntityManagerFactory for persistence unit 'default'
2025-07-28T22:23:57.003+09:00 DEBUG 45128 --- [           main] c.t.t.config.JwtAuthenticationFilter     : Filter 'jwtAuthenticationFilter' configured for use
2025-07-28T22:23:57.053+09:00  INFO 45128 --- [           main] o.s.d.j.r.query.QueryEnhancerFactory     : Hibernate is in classpath; If applicable, HQL parser will be used.
2025-07-28T22:23:57.451+09:00  WARN 45128 --- [           main] JpaBaseConfiguration$JpaWebConfiguration : spring.jpa.open-in-view is enabled by default. Therefore, database queries may be performed during view rendering. Explicitly configure spring.jpa.open-in-view to disable this warning
2025-07-28T22:23:57.482+09:00  INFO 45128 --- [           main] o.s.b.a.w.s.WelcomePageHandlerMapping    : Adding welcome page: class path resource [static/index.html]
2025-07-28T22:23:57.538+09:00  INFO 45128 --- [           main] o.s.s.web.DefaultSecurityFilterChain     : Will secure any request with [org.springframework.security.web.session.DisableEncodeUrlFilter@12f12982, org.springframework.security.web.context.request.async.WebAsyncManagerIntegrationFilter@3dc455f6, org.springframework.security.web.context.SecurityContextHolderFilter@dd7b622, org.springframework.security.web.header.HeaderWriterFilter@475ca2c6, org.springframework.web.filter.CorsFilter@5441309e, org.springframework.security.web.authentication.logout.LogoutFilter@3d5a6c07, com.testcase.testcasemanagement.config.JwtAuthenticationFilter@4b99f2ed, org.springframework.security.web.savedrequest.RequestCacheAwareFilter@5c3b3f04, org.springframework.security.web.servletapi.SecurityContextHolderAwareRequestFilter@2c174215, org.springframework.security.web.authentication.AnonymousAuthenticationFilter@b8812fb, org.springframework.security.web.session.SessionManagementFilter@d9e61f2, org.springframework.security.web.access.ExceptionTranslationFilter@7d07e6aa, org.springframework.security.web.access.intercept.AuthorizationFilter@4fbc04de]
2025-07-28T22:23:57.628+09:00  INFO 45128 --- [           main] o.s.b.w.embedded.tomcat.TomcatWebServer  : Tomcat started on port 8080 (http) with context path ''
2025-07-28T22:23:57.633+09:00  INFO 45128 --- [           main] c.t.t.TestcasemanagementApplication      : Started TestcasemanagementApplication in 2.21 seconds (process running for 2.346)
2025-07-28T22:24:15.153+09:00  INFO 45128 --- [nio-8080-exec-1] o.a.c.c.C.[Tomcat].[localhost].[/]       : Initializing Spring DispatcherServlet 'dispatcherServlet'
2025-07-28T22:24:15.153+09:00  INFO 45128 --- [nio-8080-exec-1] o.s.web.servlet.DispatcherServlet        : Initializing Servlet 'dispatcherServlet'
2025-07-28T22:24:15.155+09:00  INFO 45128 --- [nio-8080-exec-1] o.s.web.servlet.DispatcherServlet        : Completed initialization in 2 ms
2025-07-28T22:24:15.164+09:00 DEBUG 45128 --- [nio-8080-exec-1] o.s.security.web.FilterChainProxy        : Securing GET /api/dashboard/test-plans/test-plan-123/recent-test-results?limit=5
2025-07-28T22:24:15.168+09:00 DEBUG 45128 --- [nio-8080-exec-1] o.s.s.w.a.AnonymousAuthenticationFilter  : Set SecurityContextHolder to anonymous SecurityContext
2025-07-28T22:24:15.169+09:00 DEBUG 45128 --- [nio-8080-exec-1] o.s.security.web.FilterChainProxy        : Secured GET /api/dashboard/test-plans/test-plan-123/recent-test-results?limit=5
Hibernate: 
    select
        tr1_0.id,
        tr1_0.executed_at,
        tr1_0.executed_by,
        tr1_0.notes,
        tr1_0.result,
        tr1_0.test_case_id,
        tr1_0.test_execution_id 
    from
        test_results tr1_0 
    join
        test_executions te1_0 
            on te1_0.id=tr1_0.test_execution_id 
    where
        te1_0.test_plan_id=? 
        and tr1_0.executed_at is not null 
    order by
        tr1_0.executed_at desc 
    offset
        ? rows 
    fetch
        first ? rows only
2025-07-28T22:24:15.220+09:00 TRACE 45128 --- [nio-8080-exec-1] org.hibernate.orm.jdbc.bind              : binding parameter (1:VARCHAR) <- [test-plan-123]
2025-07-28T22:24:15.220+09:00 TRACE 45128 --- [nio-8080-exec-1] org.hibernate.orm.jdbc.bind              : binding parameter (2:INTEGER) <- [0]
2025-07-28T22:24:15.220+09:00 TRACE 45128 --- [nio-8080-exec-1] org.hibernate.orm.jdbc.bind              : binding parameter (3:INTEGER) <- [5]
