
> test-case-manager@0.1.0 start
> react-scripts start

(node:37774) [DEP_WEBPACK_DEV_SERVER_ON_AFTER_SETUP_MIDDLEWARE] DeprecationWarning: 'onAfterSetupMiddleware' option is deprecated. Please use the 'setupMiddlewares' option.
(Use `node --trace-deprecation ...` to show where the warning was created)
(node:37774) [DEP_WEBPACK_DEV_SERVER_ON_BEFORE_SETUP_MIDDLEWARE] DeprecationWarning: 'onBeforeSetupMiddleware' option is deprecated. Please use the 'setupMiddlewares' option.
Starting the development server...

Compiled successfully!

You can now view test-case-manager in the browser.

  Local:            http://localhost:3000
  On Your Network:  http://192.168.29.156:3000

Note that the development build is not optimized.
To create a production build, use yarn build.

webpack compiled successfully
Compiling...
Compiled with warnings.

[eslint] 
src/components/TestCase/TestCaseSpreadsheet.jsx
  Line 29:13:  'DeleteIcon' is defined but never used                                                                       no-unused-vars
  Line 31:15:  'MoreVertIcon' is defined but never used                                                                     no-unused-vars
  Line 84:6:   React Hook useEffect has a missing dependency: 'maxSteps'. Either include it or remove the dependency array  react-hooks/exhaustive-deps

Search for the keywords to learn more about each warning.
To ignore, add // eslint-disable-next-line to the line before.

WARNING in [eslint] 
src/components/TestCase/TestCaseSpreadsheet.jsx
  Line 29:13:  'DeleteIcon' is defined but never used                                                                       no-unused-vars
  Line 31:15:  'MoreVertIcon' is defined but never used                                                                     no-unused-vars
  Line 84:6:   React Hook useEffect has a missing dependency: 'maxSteps'. Either include it or remove the dependency array  react-hooks/exhaustive-deps

webpack compiled with 1 warning
Compiling...
Compiled with warnings.

[eslint] 
src/components/TestCase/TestCaseHybridForm.jsx
  Line 27:6:  React Hook useEffect has a missing dependency: 'projectTestCases'. Either include it or remove the dependency array  react-hooks/exhaustive-deps

src/components/TestCase/TestCaseSpreadsheet.jsx
  Line 29:13:  'DeleteIcon' is defined but never used                                                                       no-unused-vars
  Line 31:15:  'MoreVertIcon' is defined but never used                                                                     no-unused-vars
  Line 84:6:   React Hook useEffect has a missing dependency: 'maxSteps'. Either include it or remove the dependency array  react-hooks/exhaustive-deps

Search for the keywords to learn more about each warning.
To ignore, add // eslint-disable-next-line to the line before.

WARNING in [eslint] 
src/components/TestCase/TestCaseHybridForm.jsx
  Line 27:6:  React Hook useEffect has a missing dependency: 'projectTestCases'. Either include it or remove the dependency array  react-hooks/exhaustive-deps

src/components/TestCase/TestCaseSpreadsheet.jsx
  Line 29:13:  'DeleteIcon' is defined but never used                                                                       no-unused-vars
  Line 31:15:  'MoreVertIcon' is defined but never used                                                                     no-unused-vars
  Line 84:6:   React Hook useEffect has a missing dependency: 'maxSteps'. Either include it or remove the dependency array  react-hooks/exhaustive-deps

webpack compiled with 1 warning
Compiling...
Compiled with warnings.

[eslint] 
src/components/TestCase/TestCaseHybridForm.jsx
  Line 27:6:  React Hook useEffect has a missing dependency: 'projectTestCases'. Either include it or remove the dependency array  react-hooks/exhaustive-deps

src/components/TestCase/TestCaseSpreadsheet.jsx
  Line 29:13:  'DeleteIcon' is defined but never used                                                                       no-unused-vars
  Line 31:15:  'MoreVertIcon' is defined but never used                                                                     no-unused-vars
  Line 84:6:   React Hook useEffect has a missing dependency: 'maxSteps'. Either include it or remove the dependency array  react-hooks/exhaustive-deps

Search for the keywords to learn more about each warning.
To ignore, add // eslint-disable-next-line to the line before.

WARNING in [eslint] 
src/components/TestCase/TestCaseHybridForm.jsx
  Line 27:6:  React Hook useEffect has a missing dependency: 'projectTestCases'. Either include it or remove the dependency array  react-hooks/exhaustive-deps

src/components/TestCase/TestCaseSpreadsheet.jsx
  Line 29:13:  'DeleteIcon' is defined but never used                                                                       no-unused-vars
  Line 31:15:  'MoreVertIcon' is defined but never used                                                                     no-unused-vars
  Line 84:6:   React Hook useEffect has a missing dependency: 'maxSteps'. Either include it or remove the dependency array  react-hooks/exhaustive-deps

webpack compiled with 1 warning
Compiling...
Compiled with warnings.

[eslint] 
src/components/TestCase/TestCaseHybridForm.jsx
  Line 27:6:  React Hook useEffect has a missing dependency: 'projectTestCases'. Either include it or remove the dependency array  react-hooks/exhaustive-deps

src/components/TestCase/TestCaseSpreadsheet.jsx
  Line 29:13:  'DeleteIcon' is defined but never used                                                                       no-unused-vars
  Line 31:15:  'MoreVertIcon' is defined but never used                                                                     no-unused-vars
  Line 84:6:   React Hook useEffect has a missing dependency: 'maxSteps'. Either include it or remove the dependency array  react-hooks/exhaustive-deps

Search for the keywords to learn more about each warning.
To ignore, add // eslint-disable-next-line to the line before.

WARNING in [eslint] 
src/components/TestCase/TestCaseHybridForm.jsx
  Line 27:6:  React Hook useEffect has a missing dependency: 'projectTestCases'. Either include it or remove the dependency array  react-hooks/exhaustive-deps

src/components/TestCase/TestCaseSpreadsheet.jsx
  Line 29:13:  'DeleteIcon' is defined but never used                                                                       no-unused-vars
  Line 31:15:  'MoreVertIcon' is defined but never used                                                                     no-unused-vars
  Line 84:6:   React Hook useEffect has a missing dependency: 'maxSteps'. Either include it or remove the dependency array  react-hooks/exhaustive-deps

webpack compiled with 1 warning
Compiling...
Compiled with warnings.

[eslint] 
src/components/TestCase/TestCaseHybridForm.jsx
  Line 27:6:  React Hook useEffect has a missing dependency: 'projectTestCases'. Either include it or remove the dependency array  react-hooks/exhaustive-deps

src/components/TestCase/TestCaseSpreadsheet.jsx
  Line 29:13:  'DeleteIcon' is defined but never used                                                                       no-unused-vars
  Line 31:15:  'MoreVertIcon' is defined but never used                                                                     no-unused-vars
  Line 84:6:   React Hook useEffect has a missing dependency: 'maxSteps'. Either include it or remove the dependency array  react-hooks/exhaustive-deps

Search for the keywords to learn more about each warning.
To ignore, add // eslint-disable-next-line to the line before.

WARNING in [eslint] 
src/components/TestCase/TestCaseHybridForm.jsx
  Line 27:6:  React Hook useEffect has a missing dependency: 'projectTestCases'. Either include it or remove the dependency array  react-hooks/exhaustive-deps

src/components/TestCase/TestCaseSpreadsheet.jsx
  Line 29:13:  'DeleteIcon' is defined but never used                                                                       no-unused-vars
  Line 31:15:  'MoreVertIcon' is defined but never used                                                                     no-unused-vars
  Line 84:6:   React Hook useEffect has a missing dependency: 'maxSteps'. Either include it or remove the dependency array  react-hooks/exhaustive-deps

webpack compiled with 1 warning
Compiling...
Compiled with warnings.

[eslint] 
src/components/TestCase/TestCaseHybridForm.jsx
  Line 27:6:  React Hook useEffect has a missing dependency: 'projectTestCases'. Either include it or remove the dependency array  react-hooks/exhaustive-deps

src/components/TestCase/TestCaseSpreadsheet.jsx
  Line 29:13:  'DeleteIcon' is defined but never used                                                                       no-unused-vars
  Line 31:15:  'MoreVertIcon' is defined but never used                                                                     no-unused-vars
  Line 84:6:   React Hook useEffect has a missing dependency: 'maxSteps'. Either include it or remove the dependency array  react-hooks/exhaustive-deps

Search for the keywords to learn more about each warning.
To ignore, add // eslint-disable-next-line to the line before.

WARNING in [eslint] 
src/components/TestCase/TestCaseHybridForm.jsx
  Line 27:6:  React Hook useEffect has a missing dependency: 'projectTestCases'. Either include it or remove the dependency array  react-hooks/exhaustive-deps

src/components/TestCase/TestCaseSpreadsheet.jsx
  Line 29:13:  'DeleteIcon' is defined but never used                                                                       no-unused-vars
  Line 31:15:  'MoreVertIcon' is defined but never used                                                                     no-unused-vars
  Line 84:6:   React Hook useEffect has a missing dependency: 'maxSteps'. Either include it or remove the dependency array  react-hooks/exhaustive-deps

webpack compiled with 1 warning
Compiling...
Compiled with warnings.

[eslint] 
src/components/TestCase/TestCaseHybridForm.jsx
  Line 33:6:  React Hook useEffect has missing dependencies: 'projectTestCases' and 'spreadsheetData'. Either include them or remove the dependency array  react-hooks/exhaustive-deps

src/components/TestCase/TestCaseSpreadsheet.jsx
  Line 29:13:  'DeleteIcon' is defined but never used                                                                       no-unused-vars
  Line 31:15:  'MoreVertIcon' is defined but never used                                                                     no-unused-vars
  Line 84:6:   React Hook useEffect has a missing dependency: 'maxSteps'. Either include it or remove the dependency array  react-hooks/exhaustive-deps

Search for the keywords to learn more about each warning.
To ignore, add // eslint-disable-next-line to the line before.

WARNING in [eslint] 
src/components/TestCase/TestCaseHybridForm.jsx
  Line 33:6:  React Hook useEffect has missing dependencies: 'projectTestCases' and 'spreadsheetData'. Either include them or remove the dependency array  react-hooks/exhaustive-deps

src/components/TestCase/TestCaseSpreadsheet.jsx
  Line 29:13:  'DeleteIcon' is defined but never used                                                                       no-unused-vars
  Line 31:15:  'MoreVertIcon' is defined but never used                                                                     no-unused-vars
  Line 84:6:   React Hook useEffect has a missing dependency: 'maxSteps'. Either include it or remove the dependency array  react-hooks/exhaustive-deps

webpack compiled with 1 warning
The build failed because the process exited too early. This probably means the system ran out of memory or someone called `kill -9` on the process.
